# JRE version: Java(TM) SE Runtime Environment (8.0_91-b14) (build 1.8.0_91-b14)
# Java VM: Java HotSpot(TM) 64-Bit Server VM (25.91-b14 mixed mode windows-amd64 compressed oops)
Heap:
 PSYoungGen      total 28672K, used 16337K [0x00000000e0100000, 0x00000000e2100000, 0x0000000100000000)
  eden space 24576K, 49% used [0x00000000e0100000,0x00000000e0cf89e8,0x00000000e1900000)
  from space 4096K, 99% used [0x00000000e1d00000,0x00000000e20fbce0,0x00000000e2100000)
  to   space 4096K, 0% used [0x00000000e1900000,0x00000000e1900000,0x00000000e1d00000)
 ParOldGen       total 65536K, used 1917K [0x00000000a0200000, 0x00000000a4200000, 0x00000000e0100000)
  object space 65536K, 2% used [0x00000000a0200000,0x00000000a03df4b0,0x00000000a4200000)
 Metaspace       used 12761K, capacity 12848K, committed 13184K, reserved 1062912K
  class space    used 1562K, capacity 1602K, committed 1664K, reserved 1048576K
GC Heap History (8 events):
Event: 4.354 GC heap before
{Heap before GC invocations=1 (full 0):
 PSYoungGen      total 28672K, used 24571K [0x00000000e0100000, 0x00000000e2100000, 0x0000000100000000)
  eden space 24576K, 99% used [0x00000000e0100000,0x00000000e18fedd8,0x00000000e1900000)
  from space 4096K, 0% used [0x00000000e1d00000,0x00000000e1d00000,0x00000000e2100000)
  to   space 4096K, 0% used [0x00000000e1900000,0x00000000e1900000,0x00000000e1d00000)
 ParOldGen       total 65536K, used 0K [0x00000000a0200000, 0x00000000a4200000, 0x00000000e0100000)
  object space 65536K, 0% used [0x00000000a0200000,0x00000000a0200000,0x00000000a4200000)
 Metaspace       used 4488K, capacity 4938K, committed 5248K, reserved 1056768K
  class space    used 518K, capacity 562K, committed 640K, reserved 1048576K
Event: 4.356 GC heap after
Heap after GC invocations=1 (full 0):
 PSYoungGen      total 28672K, used 1928K [0x00000000e0100000, 0x00000000e2100000, 0x0000000100000000)
  eden space 24576K, 0% used [0x00000000e0100000,0x00000000e0100000,0x00000000e1900000)
  from space 4096K, 47% used [0x00000000e1900000,0x00000000e1ae20c0,0x00000000e1d00000)
  to   space 4096K, 0% used [0x00000000e1d00000,0x00000000e1d00000,0x00000000e2100000)
 ParOldGen       total 65536K, used 27K [0x00000000a0200000, 0x00000000a4200000, 0x00000000e0100000)
  object space 65536K, 0% used [0x00000000a0200000,0x00000000a0206c50,0x00000000a4200000)
 Metaspace       used 4488K, capacity 4938K, committed 5248K, reserved 1056768K
  class space    used 518K, capacity 562K, committed 640K, reserved 1048576K
}
Event: 5.631 GC heap before
{Heap before GC invocations=2 (full 0):
 PSYoungGen      total 28672K, used 26504K [0x00000000e0100000, 0x00000000e2100000, 0x0000000100000000)
  eden space 24576K, 100% used [0x00000000e0100000,0x00000000e1900000,0x00000000e1900000)
  from space 4096K, 47% used [0x00000000e1900000,0x00000000e1ae20c0,0x00000000e1d00000)
  to   space 4096K, 0% used [0x00000000e1d00000,0x00000000e1d00000,0x00000000e2100000)
 ParOldGen       total 65536K, used 27K [0x00000000a0200000, 0x00000000a4200000, 0x00000000e0100000)
  object space 65536K, 0% used [0x00000000a0200000,0x00000000a0206c50,0x00000000a4200000)
 Metaspace       used 8452K, capacity 8576K, committed 8832K, reserved 1056768K
  class space    used 1043K, capacity 1082K, committed 1152K, reserved 1048576K
Event: 5.635 GC heap after
Heap after GC invocations=2 (full 0):
 PSYoungGen      total 28672K, used 4085K [0x00000000e0100000, 0x00000000e2100000, 0x0000000100000000)
  eden space 24576K, 0% used [0x00000000e0100000,0x00000000e0100000,0x00000000e1900000)
  from space 4096K, 99% used [0x00000000e1d00000,0x00000000e20fd5e0,0x00000000e2100000)
  to   space 4096K, 0% used [0x00000000e1900000,0x00000000e1900000,0x00000000e1d00000)
 ParOldGen       total 65536K, used 659K [0x00000000a0200000, 0x00000000a4200000, 0x00000000e0100000)
  object space 65536K, 1% used [0x00000000a0200000,0x00000000a02a4c00,0x00000000a4200000)
 Metaspace       used 8452K, capacity 8576K, committed 8832K, reserved 1056768K
  class space    used 1043K, capacity 1082K, committed 1152K, reserved 1048576K
}
Event: 6.587 GC heap before
{Heap before GC invocations=3 (full 0):
 PSYoungGen      total 28672K, used 28661K [0x00000000e0100000, 0x00000000e2100000, 0x0000000100000000)
  eden space 24576K, 100% used [0x00000000e0100000,0x00000000e1900000,0x00000000e1900000)
  from space 4096K, 99% used [0x00000000e1d00000,0x00000000e20fd5e0,0x00000000e2100000)
  to   space 4096K, 0% used [0x00000000e1900000,0x00000000e1900000,0x00000000e1d00000)
 ParOldGen       total 65536K, used 659K [0x00000000a0200000, 0x00000000a4200000, 0x00000000e0100000)
  object space 65536K, 1% used [0x00000000a0200000,0x00000000a02a4c00,0x00000000a4200000)
 Metaspace       used 10307K, capacity 10424K, committed 10624K, reserved 1058816K
  class space    used 1262K, capacity 1310K, committed 1408K, reserved 1048576K
Event: 6.591 GC heap after
Heap after GC invocations=3 (full 0):
 PSYoungGen      total 28672K, used 4078K [0x00000000e0100000, 0x00000000e2100000, 0x0000000100000000)
  eden space 24576K, 0% used [0x00000000e0100000,0x00000000e0100000,0x00000000e1900000)
  from space 4096K, 99% used [0x00000000e1900000,0x00000000e1cfba68,0x00000000e1d00000)
  to   space 4096K, 0% used [0x00000000e1d00000,0x00000000e1d00000,0x00000000e2100000)
 ParOldGen       total 65536K, used 1167K [0x00000000a0200000, 0x00000000a4200000, 0x00000000e0100000)
  object space 65536K, 1% used [0x00000000a0200000,0x00000000a0323d38,0x00000000a4200000)
 Metaspace       used 10307K, capacity 10424K, committed 10624K, reserved 1058816K
  class space    used 1262K, capacity 1310K, committed 1408K, reserved 1048576K
}
Event: 7.303 GC heap before
{Heap before GC invocations=4 (full 0):
 PSYoungGen      total 28672K, used 28654K [0x00000000e0100000, 0x00000000e2100000, 0x0000000100000000)
  eden space 24576K, 100% used [0x00000000e0100000,0x00000000e1900000,0x00000000e1900000)
  from space 4096K, 99% used [0x00000000e1900000,0x00000000e1cfba68,0x00000000e1d00000)
  to   space 4096K, 0% used [0x00000000e1d00000,0x00000000e1d00000,0x00000000e2100000)
 ParOldGen       total 65536K, used 1167K [0x00000000a0200000, 0x00000000a4200000, 0x00000000e0100000)
  object space 65536K, 1% used [0x00000000a0200000,0x00000000a0323d38,0x00000000a4200000)
 Metaspace       used 11994K, capacity 12106K, committed 12288K, reserved 1060864K
  class space    used 1483K, capacity 1505K, committed 1536K, reserved 1048576K
Event: 7.308 GC heap after
Heap after GC invocations=4 (full 0):
 PSYoungGen      total 28672K, used 4079K [0x00000000e0100000, 0x00000000e2100000, 0x0000000100000000)
  eden space 24576K, 0% used [0x00000000e0100000,0x00000000e0100000,0x00000000e1900000)
  from space 4096K, 99% used [0x00000000e1d00000,0x00000000e20fbce0,0x00000000e2100000)
  to   space 4096K, 0% used [0x00000000e1900000,0x00000000e1900000,0x00000000e1d00000)
 ParOldGen       total 65536K, used 1917K [0x00000000a0200000, 0x00000000a4200000, 0x00000000e0100000)
  object space 65536K, 2% used [0x00000000a0200000,0x00000000a03df4b0,0x00000000a4200000)
 Metaspace       used 11994K, capacity 12106K, committed 12288K, reserved 1060864K
  class space    used 1483K, capacity 1505K, committed 1536K, reserved 1048576K
}

